[0.358s] Invoking command in '/home/mampane/ros2_ws/src/comprobo_warmup_project/build/comprobo_warmup_project': PYTHONPATH=/home/mampane/ros2_ws/src/comprobo_warmup_project/build/comprobo_warmup_project/prefix_override:/home/mampane/ros2_ws/src/comprobo_warmup_project/install/comprobo_warmup_project/lib/python3.10/site-packages:${PYTHONPATH} /usr/bin/python3 setup.py develop --editable --build-directory /home/mampane/ros2_ws/src/comprobo_warmup_project/build/comprobo_warmup_project/build --no-deps install_data
[0.522s] running develop
[0.522s] /usr/lib/python3/dist-packages/setuptools/command/easy_install.py:158: EasyInstallDeprecationWarning: easy_install command is deprecated. Use build and pip and other standards-based tools.
[0.522s]   warnings.warn(
[0.523s] /usr/lib/python3/dist-packages/setuptools/command/install.py:34: SetuptoolsDeprecationWarning: setup.py install is deprecated. Use build and pip and other standards-based tools.
[0.523s]   warnings.warn(
[0.618s] running egg_info
[0.618s] writing comprobo_warmup_project.egg-info/PKG-INFO
[0.619s] writing dependency_links to comprobo_warmup_project.egg-info/dependency_links.txt
[0.619s] writing entry points to comprobo_warmup_project.egg-info/entry_points.txt
[0.619s] writing requirements to comprobo_warmup_project.egg-info/requires.txt
[0.619s] writing top-level names to comprobo_warmup_project.egg-info/top_level.txt
[0.620s] reading manifest file 'comprobo_warmup_project.egg-info/SOURCES.txt'
[0.620s] writing manifest file 'comprobo_warmup_project.egg-info/SOURCES.txt'
[0.621s] running build_ext
[0.621s] Creating /home/mampane/ros2_ws/src/comprobo_warmup_project/install/comprobo_warmup_project/lib/python3.10/site-packages/comprobo-warmup-project.egg-link (link to .)
[0.622s] Installing drive_square script to /home/mampane/ros2_ws/src/comprobo_warmup_project/install/comprobo_warmup_project/lib/comprobo_warmup_project
[0.622s] Installing teleop script to /home/mampane/ros2_ws/src/comprobo_warmup_project/install/comprobo_warmup_project/lib/comprobo_warmup_project
[0.622s] Installing wall_follower script to /home/mampane/ros2_ws/src/comprobo_warmup_project/install/comprobo_warmup_project/lib/comprobo_warmup_project
[0.622s] 
[0.622s] Installed /home/mampane/ros2_ws/src/comprobo_warmup_project/build/comprobo_warmup_project
[0.622s] running install_data
[0.638s] Invoked command in '/home/mampane/ros2_ws/src/comprobo_warmup_project/build/comprobo_warmup_project' returned '0': PYTHONPATH=/home/mampane/ros2_ws/src/comprobo_warmup_project/build/comprobo_warmup_project/prefix_override:/home/mampane/ros2_ws/src/comprobo_warmup_project/install/comprobo_warmup_project/lib/python3.10/site-packages:${PYTHONPATH} /usr/bin/python3 setup.py develop --editable --build-directory /home/mampane/ros2_ws/src/comprobo_warmup_project/build/comprobo_warmup_project/build --no-deps install_data
