[0.324s] Invoking command in '/home/mampane/ros2_ws/src/comprobo_warmup_project/build/comprobo_warmup_project': PYTHONPATH=/home/mampane/ros2_ws/src/comprobo_warmup_project/build/comprobo_warmup_project/prefix_override:/home/mampane/ros2_ws/src/comprobo_warmup_project/install/comprobo_warmup_project/lib/python3.10/site-packages:${PYTHONPATH} /usr/bin/python3 setup.py develop --editable --build-directory /home/mampane/ros2_ws/src/comprobo_warmup_project/build/comprobo_warmup_project/build --no-deps install_data
[0.461s] running develop
[0.462s] /usr/lib/python3/dist-packages/setuptools/command/easy_install.py:158: EasyInstallDeprecationWarning: easy_install command is deprecated. Use build and pip and other standards-based tools.
[0.462s]   warnings.warn(
[0.463s] /usr/lib/python3/dist-packages/setuptools/command/install.py:34: SetuptoolsDeprecationWarning: setup.py install is deprecated. Use build and pip and other standards-based tools.
[0.463s]   warnings.warn(
[0.542s] running egg_info
[0.542s] creating comprobo_warmup_project.egg-info
[0.542s] writing comprobo_warmup_project.egg-info/PKG-INFO
[0.542s] writing dependency_links to comprobo_warmup_project.egg-info/dependency_links.txt
[0.542s] writing entry points to comprobo_warmup_project.egg-info/entry_points.txt
[0.542s] writing requirements to comprobo_warmup_project.egg-info/requires.txt
[0.542s] writing top-level names to comprobo_warmup_project.egg-info/top_level.txt
[0.542s] writing manifest file 'comprobo_warmup_project.egg-info/SOURCES.txt'
[0.543s] reading manifest file 'comprobo_warmup_project.egg-info/SOURCES.txt'
[0.543s] writing manifest file 'comprobo_warmup_project.egg-info/SOURCES.txt'
[0.544s] running build_ext
[0.544s] Creating /home/mampane/ros2_ws/src/comprobo_warmup_project/install/comprobo_warmup_project/lib/python3.10/site-packages/comprobo-warmup-project.egg-link (link to .)
[0.545s] Installing teleop script to /home/mampane/ros2_ws/src/comprobo_warmup_project/install/comprobo_warmup_project/lib/comprobo_warmup_project
[0.545s] 
[0.545s] Installed /home/mampane/ros2_ws/src/comprobo_warmup_project/build/comprobo_warmup_project
[0.545s] running install_data
[0.545s] creating /home/mampane/ros2_ws/src/comprobo_warmup_project/install/comprobo_warmup_project/share/ament_index
[0.545s] creating /home/mampane/ros2_ws/src/comprobo_warmup_project/install/comprobo_warmup_project/share/ament_index/resource_index
[0.545s] creating /home/mampane/ros2_ws/src/comprobo_warmup_project/install/comprobo_warmup_project/share/ament_index/resource_index/packages
[0.545s] copying resource/comprobo_warmup_project -> /home/mampane/ros2_ws/src/comprobo_warmup_project/install/comprobo_warmup_project/share/ament_index/resource_index/packages
[0.545s] copying package.xml -> /home/mampane/ros2_ws/src/comprobo_warmup_project/install/comprobo_warmup_project/share/comprobo_warmup_project
[0.559s] Invoked command in '/home/mampane/ros2_ws/src/comprobo_warmup_project/build/comprobo_warmup_project' returned '0': PYTHONPATH=/home/mampane/ros2_ws/src/comprobo_warmup_project/build/comprobo_warmup_project/prefix_override:/home/mampane/ros2_ws/src/comprobo_warmup_project/install/comprobo_warmup_project/lib/python3.10/site-packages:${PYTHONPATH} /usr/bin/python3 setup.py develop --editable --build-directory /home/mampane/ros2_ws/src/comprobo_warmup_project/build/comprobo_warmup_project/build --no-deps install_data
