[0.206s] DEBUG:colcon:Command line arguments: ['/usr/bin/colcon', 'build', '--symlink-install']
[0.206s] DEBUG:colcon:Parsed command line arguments: Namespace(log_base=None, log_level=None, verb_name='build', build_base='build', install_base='install', merge_install=False, symlink_install=True, test_result_base=None, continue_on_error=False, executor='parallel', parallel_workers=20, event_handlers=None, ignore_user_meta=False, metas=['./colcon.meta'], base_paths=['.'], packages_ignore=None, packages_ignore_regex=None, paths=None, packages_up_to=None, packages_up_to_regex=None, packages_above=None, packages_above_and_dependencies=None, packages_above_depth=None, packages_select_by_dep=None, packages_skip_by_dep=None, packages_skip_up_to=None, packages_select_build_failed=False, packages_skip_build_finished=False, packages_select_test_failures=False, packages_skip_test_passed=False, packages_select=None, packages_skip=None, packages_select_regex=None, packages_skip_regex=None, packages_start=None, packages_end=None, allow_overriding=[], cmake_args=None, cmake_target=None, cmake_target_skip_unavailable=False, cmake_clean_cache=False, cmake_clean_first=False, cmake_force_configure=False, ament_cmake_args=None, catkin_cmake_args=None, catkin_skip_building_tests=False, verb_parser=<colcon_defaults.argument_parser.defaults.DefaultArgumentsDecorator object at 0x7f2cb311a050>, verb_extension=<colcon_core.verb.build.BuildVerb object at 0x7f2cb3b3edd0>, main=<bound method BuildVerb.main of <colcon_core.verb.build.BuildVerb object at 0x7f2cb3b3edd0>>)
[0.229s] Level 1:colcon.colcon_core.package_discovery:discover_packages(colcon_meta) check parameters
[0.229s] Level 1:colcon.colcon_core.package_discovery:discover_packages(recursive) check parameters
[0.229s] Level 1:colcon.colcon_core.package_discovery:discover_packages(ignore) check parameters
[0.229s] Level 1:colcon.colcon_core.package_discovery:discover_packages(path) check parameters
[0.229s] Level 1:colcon.colcon_core.package_discovery:discover_packages(colcon_meta) discover
[0.229s] Level 1:colcon.colcon_core.package_discovery:discover_packages(recursive) discover
[0.229s] INFO:colcon.colcon_core.package_discovery:Crawling recursively for packages in '/home/mampane/ros2_ws/src/comprobo_warmup_project'
[0.229s] Level 1:colcon.colcon_core.package_identification:_identify(.) by extensions ['ignore', 'ignore_ament_install']
[0.229s] Level 1:colcon.colcon_core.package_identification:_identify(.) by extension 'ignore'
[0.229s] Level 1:colcon.colcon_core.package_identification:_identify(.) by extension 'ignore_ament_install'
[0.229s] Level 1:colcon.colcon_core.package_identification:_identify(.) by extensions ['colcon_pkg']
[0.229s] Level 1:colcon.colcon_core.package_identification:_identify(.) by extension 'colcon_pkg'
[0.229s] Level 1:colcon.colcon_core.package_identification:_identify(.) by extensions ['colcon_meta']
[0.229s] Level 1:colcon.colcon_core.package_identification:_identify(.) by extension 'colcon_meta'
[0.229s] Level 1:colcon.colcon_core.package_identification:_identify(.) by extensions ['ros']
[0.229s] Level 1:colcon.colcon_core.package_identification:_identify(.) by extension 'ros'
[0.238s] DEBUG:colcon.colcon_core.package_identification:Package '.' with type 'ros.ament_python' and name 'comprobo_warmup_project'
[0.238s] Level 1:colcon.colcon_core.package_discovery:discover_packages(recursive) using defaults
[0.238s] Level 1:colcon.colcon_core.package_discovery:discover_packages(ignore) discover
[0.238s] Level 1:colcon.colcon_core.package_discovery:discover_packages(ignore) using defaults
[0.238s] Level 1:colcon.colcon_core.package_discovery:discover_packages(path) discover
[0.238s] Level 1:colcon.colcon_core.package_discovery:discover_packages(path) using defaults
[0.254s] Level 1:colcon.colcon_core.package_discovery:discover_packages(prefix_path) check parameters
[0.254s] Level 1:colcon.colcon_core.package_discovery:discover_packages(prefix_path) discover
[0.256s] DEBUG:colcon.colcon_installed_package_information.package_discovery:Found 16 installed packages in /home/mampane/ros2_ws/install
[0.257s] DEBUG:colcon.colcon_installed_package_information.package_discovery:Found 338 installed packages in /opt/ros/humble
[0.258s] Level 1:colcon.colcon_core.package_discovery:discover_packages(prefix_path) using defaults
[0.301s] Level 5:colcon.colcon_core.verb:set package 'comprobo_warmup_project' build argument 'cmake_args' from command line to 'None'
[0.301s] Level 5:colcon.colcon_core.verb:set package 'comprobo_warmup_project' build argument 'cmake_target' from command line to 'None'
[0.301s] Level 5:colcon.colcon_core.verb:set package 'comprobo_warmup_project' build argument 'cmake_target_skip_unavailable' from command line to 'False'
[0.301s] Level 5:colcon.colcon_core.verb:set package 'comprobo_warmup_project' build argument 'cmake_clean_cache' from command line to 'False'
[0.301s] Level 5:colcon.colcon_core.verb:set package 'comprobo_warmup_project' build argument 'cmake_clean_first' from command line to 'False'
[0.301s] Level 5:colcon.colcon_core.verb:set package 'comprobo_warmup_project' build argument 'cmake_force_configure' from command line to 'False'
[0.301s] Level 5:colcon.colcon_core.verb:set package 'comprobo_warmup_project' build argument 'ament_cmake_args' from command line to 'None'
[0.301s] Level 5:colcon.colcon_core.verb:set package 'comprobo_warmup_project' build argument 'catkin_cmake_args' from command line to 'None'
[0.301s] Level 5:colcon.colcon_core.verb:set package 'comprobo_warmup_project' build argument 'catkin_skip_building_tests' from command line to 'False'
[0.301s] DEBUG:colcon.colcon_core.verb:Building package 'comprobo_warmup_project' with the following arguments: {'ament_cmake_args': None, 'build_base': '/home/mampane/ros2_ws/src/comprobo_warmup_project/build/comprobo_warmup_project', 'catkin_cmake_args': None, 'catkin_skip_building_tests': False, 'cmake_args': None, 'cmake_clean_cache': False, 'cmake_clean_first': False, 'cmake_force_configure': False, 'cmake_target': None, 'cmake_target_skip_unavailable': False, 'install_base': '/home/mampane/ros2_ws/src/comprobo_warmup_project/install/comprobo_warmup_project', 'merge_install': False, 'path': '/home/mampane/ros2_ws/src/comprobo_warmup_project', 'symlink_install': True, 'test_result_base': None}
[0.302s] INFO:colcon.colcon_core.executor:Executing jobs using 'parallel' executor
[0.304s] DEBUG:colcon.colcon_parallel_executor.executor.parallel:run_until_complete
[0.305s] INFO:colcon.colcon_ros.task.ament_python.build:Building ROS package in '/home/mampane/ros2_ws/src/comprobo_warmup_project' with build type 'ament_python'
[0.305s] Level 1:colcon.colcon_core.shell:create_environment_hook('comprobo_warmup_project', 'ament_prefix_path')
[0.310s] INFO:colcon.colcon_core.plugin_system:Skipping extension 'colcon_core.shell.bat': Not used on non-Windows systems
[0.310s] INFO:colcon.colcon_core.shell:Creating environment hook '/home/mampane/ros2_ws/src/comprobo_warmup_project/install/comprobo_warmup_project/share/comprobo_warmup_project/hook/ament_prefix_path.ps1'
[0.310s] INFO:colcon.colcon_core.shell:Creating environment descriptor '/home/mampane/ros2_ws/src/comprobo_warmup_project/install/comprobo_warmup_project/share/comprobo_warmup_project/hook/ament_prefix_path.dsv'
[0.311s] INFO:colcon.colcon_core.shell:Creating environment hook '/home/mampane/ros2_ws/src/comprobo_warmup_project/install/comprobo_warmup_project/share/comprobo_warmup_project/hook/ament_prefix_path.sh'
[0.312s] INFO:colcon.colcon_core.shell:Skip shell extension 'powershell' for command environment: Not usable outside of PowerShell
[0.312s] DEBUG:colcon.colcon_core.shell:Skip shell extension 'dsv' for command environment
[0.462s] INFO:colcon.colcon_core.task.python.build:Building Python package in '/home/mampane/ros2_ws/src/comprobo_warmup_project'
[0.463s] INFO:colcon.colcon_core.shell:Skip shell extension 'powershell' for command environment: Not usable outside of PowerShell
[0.463s] DEBUG:colcon.colcon_core.shell:Skip shell extension 'dsv' for command environment
[0.649s] DEBUG:colcon.colcon_core.event_handler.log_command:Invoking command in '/home/mampane/ros2_ws/src/comprobo_warmup_project/build/comprobo_warmup_project': PYTHONPATH=/home/mampane/ros2_ws/src/comprobo_warmup_project/build/comprobo_warmup_project/prefix_override:/home/mampane/ros2_ws/src/comprobo_warmup_project/install/comprobo_warmup_project/lib/python3.10/site-packages:${PYTHONPATH} /usr/bin/python3 setup.py develop --editable --build-directory /home/mampane/ros2_ws/src/comprobo_warmup_project/build/comprobo_warmup_project/build --no-deps install_data
[0.883s] Level 1:colcon.colcon_core.shell:create_environment_hook('comprobo_warmup_project', 'pythonpath_develop')
[0.884s] INFO:colcon.colcon_core.shell:Creating environment hook '/home/mampane/ros2_ws/src/comprobo_warmup_project/build/comprobo_warmup_project/share/comprobo_warmup_project/hook/pythonpath_develop.ps1'
[0.884s] DEBUG:colcon.colcon_core.event_handler.log_command:Invoked command in '/home/mampane/ros2_ws/src/comprobo_warmup_project/build/comprobo_warmup_project' returned '0': PYTHONPATH=/home/mampane/ros2_ws/src/comprobo_warmup_project/build/comprobo_warmup_project/prefix_override:/home/mampane/ros2_ws/src/comprobo_warmup_project/install/comprobo_warmup_project/lib/python3.10/site-packages:${PYTHONPATH} /usr/bin/python3 setup.py develop --editable --build-directory /home/mampane/ros2_ws/src/comprobo_warmup_project/build/comprobo_warmup_project/build --no-deps install_data
[0.884s] INFO:colcon.colcon_core.shell:Creating environment descriptor '/home/mampane/ros2_ws/src/comprobo_warmup_project/build/comprobo_warmup_project/share/comprobo_warmup_project/hook/pythonpath_develop.dsv'
[0.885s] INFO:colcon.colcon_core.shell:Creating environment hook '/home/mampane/ros2_ws/src/comprobo_warmup_project/build/comprobo_warmup_project/share/comprobo_warmup_project/hook/pythonpath_develop.sh'
[0.888s] Level 1:colcon.colcon_core.environment:checking '/home/mampane/ros2_ws/src/comprobo_warmup_project/install/comprobo_warmup_project' for CMake module files
[0.889s] Level 1:colcon.colcon_core.environment:checking '/home/mampane/ros2_ws/src/comprobo_warmup_project/install/comprobo_warmup_project' for CMake config files
[0.889s] Level 1:colcon.colcon_core.environment:checking '/home/mampane/ros2_ws/src/comprobo_warmup_project/install/comprobo_warmup_project/lib'
[0.889s] Level 1:colcon.colcon_core.environment:checking '/home/mampane/ros2_ws/src/comprobo_warmup_project/install/comprobo_warmup_project/bin'
[0.889s] Level 1:colcon.colcon_core.environment:checking '/home/mampane/ros2_ws/src/comprobo_warmup_project/install/comprobo_warmup_project/lib/pkgconfig/comprobo_warmup_project.pc'
[0.889s] Level 1:colcon.colcon_core.environment:checking '/home/mampane/ros2_ws/src/comprobo_warmup_project/install/comprobo_warmup_project/lib/python3.10/site-packages'
[0.889s] Level 1:colcon.colcon_core.shell:create_environment_hook('comprobo_warmup_project', 'pythonpath')
[0.890s] INFO:colcon.colcon_core.shell:Creating environment hook '/home/mampane/ros2_ws/src/comprobo_warmup_project/install/comprobo_warmup_project/share/comprobo_warmup_project/hook/pythonpath.ps1'
[0.890s] INFO:colcon.colcon_core.shell:Creating environment descriptor '/home/mampane/ros2_ws/src/comprobo_warmup_project/install/comprobo_warmup_project/share/comprobo_warmup_project/hook/pythonpath.dsv'
[0.890s] INFO:colcon.colcon_core.shell:Creating environment hook '/home/mampane/ros2_ws/src/comprobo_warmup_project/install/comprobo_warmup_project/share/comprobo_warmup_project/hook/pythonpath.sh'
[0.890s] Level 1:colcon.colcon_core.environment:checking '/home/mampane/ros2_ws/src/comprobo_warmup_project/install/comprobo_warmup_project/bin'
[0.890s] Level 1:colcon.colcon_core.environment:create_environment_scripts_only(comprobo_warmup_project)
[0.891s] INFO:colcon.colcon_core.shell:Creating package script '/home/mampane/ros2_ws/src/comprobo_warmup_project/install/comprobo_warmup_project/share/comprobo_warmup_project/package.ps1'
[0.892s] INFO:colcon.colcon_core.shell:Creating package descriptor '/home/mampane/ros2_ws/src/comprobo_warmup_project/install/comprobo_warmup_project/share/comprobo_warmup_project/package.dsv'
[0.892s] INFO:colcon.colcon_core.shell:Creating package script '/home/mampane/ros2_ws/src/comprobo_warmup_project/install/comprobo_warmup_project/share/comprobo_warmup_project/package.sh'
[0.893s] INFO:colcon.colcon_core.shell:Creating package script '/home/mampane/ros2_ws/src/comprobo_warmup_project/install/comprobo_warmup_project/share/comprobo_warmup_project/package.bash'
[0.893s] INFO:colcon.colcon_core.shell:Creating package script '/home/mampane/ros2_ws/src/comprobo_warmup_project/install/comprobo_warmup_project/share/comprobo_warmup_project/package.zsh'
[0.893s] Level 1:colcon.colcon_core.environment:create_file_with_runtime_dependencies(/home/mampane/ros2_ws/src/comprobo_warmup_project/install/comprobo_warmup_project/share/colcon-core/packages/comprobo_warmup_project)
[0.893s] DEBUG:colcon.colcon_parallel_executor.executor.parallel:closing loop
[0.894s] DEBUG:colcon.colcon_parallel_executor.executor.parallel:loop closed
[0.894s] DEBUG:colcon.colcon_parallel_executor.executor.parallel:run_until_complete finished with '0'
[0.894s] DEBUG:colcon.colcon_core.event_reactor:joining thread
[0.897s] INFO:colcon.colcon_core.plugin_system:Skipping extension 'colcon_notification.desktop_notification.terminal_notifier': Not used on non-Darwin systems
[0.897s] INFO:colcon.colcon_core.plugin_system:Skipping extension 'colcon_notification.desktop_notification.win32': Not used on non-Windows systems
[0.897s] INFO:colcon.colcon_notification.desktop_notification:Sending desktop notification using 'notify2'
[0.912s] DEBUG:colcon.colcon_core.event_reactor:joined thread
[0.912s] INFO:colcon.colcon_core.shell:Creating prefix script '/home/mampane/ros2_ws/src/comprobo_warmup_project/install/local_setup.ps1'
[0.913s] INFO:colcon.colcon_core.shell:Creating prefix util module '/home/mampane/ros2_ws/src/comprobo_warmup_project/install/_local_setup_util_ps1.py'
[0.913s] INFO:colcon.colcon_core.shell:Creating prefix chain script '/home/mampane/ros2_ws/src/comprobo_warmup_project/install/setup.ps1'
[0.914s] INFO:colcon.colcon_core.shell:Creating prefix script '/home/mampane/ros2_ws/src/comprobo_warmup_project/install/local_setup.sh'
[0.915s] INFO:colcon.colcon_core.shell:Creating prefix util module '/home/mampane/ros2_ws/src/comprobo_warmup_project/install/_local_setup_util_sh.py'
[0.915s] INFO:colcon.colcon_core.shell:Creating prefix chain script '/home/mampane/ros2_ws/src/comprobo_warmup_project/install/setup.sh'
[0.916s] INFO:colcon.colcon_core.shell:Creating prefix script '/home/mampane/ros2_ws/src/comprobo_warmup_project/install/local_setup.bash'
[0.916s] INFO:colcon.colcon_core.shell:Creating prefix chain script '/home/mampane/ros2_ws/src/comprobo_warmup_project/install/setup.bash'
[0.917s] INFO:colcon.colcon_core.shell:Creating prefix script '/home/mampane/ros2_ws/src/comprobo_warmup_project/install/local_setup.zsh'
[0.917s] INFO:colcon.colcon_core.shell:Creating prefix chain script '/home/mampane/ros2_ws/src/comprobo_warmup_project/install/setup.zsh'
